<?xml version="1.0" encoding="UTF-8"?>
<!-- Generated by org.testng.reporters.JUnitReportReporter -->
<testsuite hostname="DESKTOP-7IOJSK2" failures="0" tests="1" name="extentReport.ToLearnExtentReport" time="1.547" errors="0" timestamp="2024-11-07T13:07:33 IST" skipped="0">
  <testcase classname="extentReport.ToLearnExtentReport" name="report" time="1.547"/>
  <system-out/>
</testsuite> <!-- extentReport.ToLearnExtentReport -->
