<?xml version="1.0" encoding="UTF-8"?>
<!-- Generated by org.testng.reporters.JUnitReportReporter -->
<testsuite hostname="DESKTOP-7IOJSK2" failures="0" tests="1" name="extentReport.ToLearnScreenshot" time="11.045" errors="0" timestamp="2024-11-07T13:45:25 IST" skipped="0">
  <testcase classname="extentReport.ToLearnScreenshot" name="addScreenshot" time="11.045"/>
  <system-out/>
</testsuite> <!-- extentReport.ToLearnScreenshot -->
