<?xml version="1.0" encoding="UTF-8"?>
<!-- Generated by org.testng.reporters.JUnitReportReporter -->
<testsuite hostname="DESKTOP-7IOJSK2" failures="0" tests="1" name="extentReport.AssignmentVerifyDemowbShopExtentRport" time="16.566" errors="0" timestamp="2024-11-08T08:57:40 IST" skipped="0">
  <testcase classname="extentReport.AssignmentVerifyDemowbShopExtentRport" name="verifyLogin" time="16.566"/>
  <system-out/>
</testsuite> <!-- extentReport.AssignmentVerifyDemowbShopExtentRport -->
